{"level":"error","message":"Error getting the list of users","timestamp":"2022-10-26T05:31:09.248Z"}
{"level":"info","message":"Successfully got the list of users","timestamp":"2022-10-26T05:31:09.249Z"}
{"level":"info","message":"Checking","timestamp":"2022-10-26T05:33:05.766Z"}
{"level":"error","message":"Error adding user","timestamp":"2022-10-26T05:33:05.919Z"}
{"level":"info","message":"Successfully added the user","timestamp":"2022-10-26T05:33:05.920Z"}
{"level":"info","message":"Checking","timestamp":"2022-10-26T05:38:36.153Z"}
{"level":"error","message":"Error adding user","timestamp":"2022-10-26T05:38:36.362Z"}
{"level":"info","message":"Successfully added the user","timestamp":"2022-10-26T05:38:36.363Z"}
{"level":"info","message":"Successfully deleted the user","timestamp":"2022-10-26T05:39:18.451Z"}
{"level":"error","message":"Error getting the list of users","timestamp":"2022-10-26T05:39:25.924Z"}
{"level":"info","message":"Successfully got the list of users","timestamp":"2022-10-26T05:39:25.925Z"}
{"level":"info","message":"Checking","timestamp":"2022-10-26T05:39:32.258Z"}
{"level":"error","message":"Error adding user","timestamp":"2022-10-26T05:39:32.477Z"}
{"level":"info","message":"Successfully added the user","timestamp":"2022-10-26T05:39:32.478Z"}
{"level":"error","message":"Error getting the list of users","timestamp":"2022-10-26T05:39:39.236Z"}
{"level":"info","message":"Successfully got the list of users","timestamp":"2022-10-26T05:39:39.236Z"}
{"level":"info","message":"Checking","timestamp":"2022-10-26T05:54:36.948Z"}
{"level":"error","message":"Error adding user","timestamp":"2022-10-26T05:54:37.843Z"}
{"level":"info","message":"Successfully added the user","timestamp":"2022-10-26T05:54:37.844Z"}
{"level":"error","message":"Error getting the list of users","timestamp":"2022-10-26T05:56:26.879Z"}
{"level":"info","message":"Successfully got the list of users","timestamp":"2022-10-26T05:56:26.879Z"}
{"level":"info","message":"Successfully deleted the user","timestamp":"2022-10-26T05:57:19.768Z"}
{"level":"error","message":"Error updating the user","timestamp":"2022-10-26T06:03:38.077Z"}
{"level":"error","message":"Error updating the user","timestamp":"2022-10-26T06:05:10.652Z"}
{"level":"error","message":"Error2 deleting the users","timestamp":"2022-10-26T06:07:48.461Z"}
{"level":"info","message":"Successfully the updated of user","timestamp":"2022-10-26T06:10:55.964Z"}
{"level":"info","message":"Successfully got the user","timestamp":"2022-10-26T06:12:22.102Z"}
